<?xml version="1.0" encoding="UTF-8"?>
<testsuite name="com.ceiba.service.ConsultaTests" tests="2" skipped="0" failures="0" errors="0" timestamp="2017-10-04T18:38:14" hostname="DANNY-BOTELLO" time="0.009">
  <properties/>
  <testcase name="Allregistrostest" classname="com.ceiba.service.ConsultaTests" time="0.008"/>
  <testcase name="consultarRegistroPlacatest" classname="com.ceiba.service.ConsultaTests" time="0.001"/>
  <system-out><![CDATA[]]></system-out>
  <system-err><![CDATA[]]></system-err>
</testsuite>
