<?xml version="1.0" encoding="UTF-8"?>
<testsuite name="com.ceiba.service.SalidaTests" tests="7" skipped="0" failures="0" errors="0" timestamp="2017-10-04T18:38:14" hostname="DANNY-BOTELLO" time="0.01">
  <properties/>
  <testcase name="registrarNoencontradotest" classname="com.ceiba.service.SalidaTests" time="0.002"/>
  <testcase name="valortotaltest" classname="com.ceiba.service.SalidaTests" time="0.001"/>
  <testcase name="valorestest" classname="com.ceiba.service.SalidaTests" time="0.001"/>
  <testcase name="registrartest" classname="com.ceiba.service.SalidaTests" time="0.002"/>
  <testcase name="valortotalrecargotest" classname="com.ceiba.service.SalidaTests" time="0.001"/>
  <testcase name="valortotalhorastest" classname="com.ceiba.service.SalidaTests" time="0.001"/>
  <testcase name="valortotalfechastruncadas" classname="com.ceiba.service.SalidaTests" time="0.001"/>
  <system-out><![CDATA[]]></system-out>
  <system-err><![CDATA[]]></system-err>
</testsuite>
