<?xml version="1.0" encoding="UTF-8"?>
<testsuite name="com.ceiba.persistencia.RegistroDAOTests" tests="9" skipped="0" failures="0" errors="0" timestamp="2017-10-04T18:38:14" hostname="DANNY-BOTELLO" time="0.081">
  <properties/>
  <testcase name="addRegistro" classname="com.ceiba.persistencia.RegistroDAOTests" time="0.061"/>
  <testcase name="getRegistroBytipoVehiculoActivo" classname="com.ceiba.persistencia.RegistroDAOTests" time="0.003"/>
  <testcase name="registroNoExists" classname="com.ceiba.persistencia.RegistroDAOTests" time="0.003"/>
  <testcase name="getAllRegistro" classname="com.ceiba.persistencia.RegistroDAOTests" time="0.002"/>
  <testcase name="updateRegistro" classname="com.ceiba.persistencia.RegistroDAOTests" time="0.003"/>
  <testcase name="getRegistroById" classname="com.ceiba.persistencia.RegistroDAOTests" time="0.001"/>
  <testcase name="getRegistroByPlaca" classname="com.ceiba.persistencia.RegistroDAOTests" time="0.003"/>
  <testcase name="deleteRegistro" classname="com.ceiba.persistencia.RegistroDAOTests" time="0.002"/>
  <testcase name="registroExists" classname="com.ceiba.persistencia.RegistroDAOTests" time="0.002"/>
  <system-out><![CDATA[]]></system-out>
  <system-err><![CDATA[]]></system-err>
</testsuite>
