<?xml version="1.0" encoding="UTF-8"?>
<testsuite name="com.ceiba.persistencia.RestriccionDAOTests" tests="7" skipped="0" failures="0" errors="0" timestamp="2017-10-04T18:38:14" hostname="DANNY-BOTELLO" time="0.015">
  <properties/>
  <testcase name="deleteRestriccion" classname="com.ceiba.persistencia.RestriccionDAOTests" time="0.003"/>
  <testcase name="addRestriccion" classname="com.ceiba.persistencia.RestriccionDAOTests" time="0.001"/>
  <testcase name="getRestriccionByletra" classname="com.ceiba.persistencia.RestriccionDAOTests" time="0.002"/>
  <testcase name="getRestriccionById" classname="com.ceiba.persistencia.RestriccionDAOTests" time="0.001"/>
  <testcase name="updateRestriccion" classname="com.ceiba.persistencia.RestriccionDAOTests" time="0.003"/>
  <testcase name="getAllRestriccion" classname="com.ceiba.persistencia.RestriccionDAOTests" time="0.001"/>
  <testcase name="getSinRestriccionByletra" classname="com.ceiba.persistencia.RestriccionDAOTests" time="0.002"/>
  <system-out><![CDATA[]]></system-out>
  <system-err><![CDATA[]]></system-err>
</testsuite>
