<?xml version="1.0" encoding="UTF-8"?>
<testsuite name="com.ceiba.service.prueba" tests="1" skipped="0" failures="0" errors="0" timestamp="2017-10-04T18:38:14" hostname="DANNY-BOTELLO" time="0.001">
  <properties/>
  <testcase name="diasdireccionplacaError" classname="com.ceiba.service.prueba" time="0.001"/>
  <system-out><![CDATA[]]></system-out>
  <system-err><![CDATA[]]></system-err>
</testsuite>
